<?xml version="1.0" encoding="UTF-8"?>
<testng-results skipped="0" failed="0" total="1" passed="1">
  <reporter-output>
  </reporter-output>
  <suite name="HubSpot Automation Suite" duration-ms="33977" started-at="2025-07-12T13:29:33Z" finished-at="2025-07-12T13:30:07Z">
    <groups>
      <group name="cucumber">
        <method signature="AbstractTestNGCucumberTests.runScenario(io.cucumber.testng.PickleWrapper, io.cucumber.testng.FeatureWrapper)[pri:0, instance:runners.TestNGRunner@365c30cc]" name="runScenario" class="io.cucumber.testng.AbstractTestNGCucumberTests"/>
      </group> <!-- cucumber -->
    </groups>
    <test name="Cucumber Tests" duration-ms="33977" started-at="2025-07-12T13:29:33Z" finished-at="2025-07-12T13:30:07Z">
      <class name="runners.TestNGRunner">
        <test-method status="PASS" signature="setUpClass()[pri:0, instance:runners.TestNGRunner@365c30cc]" name="setUpClass" is-config="true" duration-ms="623" started-at="2025-07-12T18:59:33Z" finished-at="2025-07-12T18:59:34Z">
          <reporter-output>
          </reporter-output>
        </test-method> <!-- setUpClass -->
        <test-method status="PASS" signature="runScenario(io.cucumber.testng.PickleWrapper, io.cucumber.testng.FeatureWrapper)[pri:0, instance:runners.TestNGRunner@365c30cc]" name="runScenario" duration-ms="32987" started-at="2025-07-12T18:59:34Z" description="Runs Cucumber Scenarios" data-provider="scenarios" finished-at="2025-07-12T19:00:07Z">
          <params>
            <param index="0">
              <value>
                <![CDATA["Validate footer links navigation"]]>
              </value>
            </param>
            <param index="1">
              <value>
                <![CDATA["Optional[HubSpot CRM Page Validation]"]]>
              </value>
            </param>
          </params>
          <reporter-output>
          </reporter-output>
        </test-method> <!-- runScenario -->
        <test-method status="PASS" signature="tearDownClass()[pri:0, instance:runners.TestNGRunner@365c30cc]" name="tearDownClass" is-config="true" duration-ms="49" started-at="2025-07-12T19:00:07Z" finished-at="2025-07-12T19:00:07Z">
          <reporter-output>
          </reporter-output>
        </test-method> <!-- tearDownClass -->
      </class> <!-- runners.TestNGRunner -->
    </test> <!-- Cucumber Tests -->
  </suite> <!-- HubSpot Automation Suite -->
</testng-results>
